---- light / ericw-tools 2.0.0-alpha8-29-gb2f23f76 ----
LoadBSPFile: 'gyro.bsp'
BSP is version Quake BSP bsp29
INFO: using built-in palette.
img::ConvertTextures: WARNING: invalid size data for 
img::ConvertTextures: WARNING: Texture  duplicated
Loading extended texinfo flags from gyro.texinfo.json...
WARNING: entity at () (worldspawn) has empty key/value "wad" ""
1 entities read, 0 are lights.

--- Options Summary ---
    "nocolor" was set to "1" (from command line)

Embree_TraceInit: Embree version: 3.12.1
Embree_TraceInit: 
	0 sky faces
	0 solid faces
	0 filtered faces
	6 shadow-casting skip faces
SetupLights: 0 initial lights
SetupLights: 0 after surface lights
SetupLights: 0 after jittering
Final count: 0 lights, 0 suns in use.
0 surface light points in use.
lightmap size (total): 0
Lighting Completed.

0 switchable light styles (32 max)
Writing gyro.bsp as Quake BSP bsp29
0.012s seconds elapsed
0 empty lightmaps


